<?xml version="1.0" encoding="UTF-8"?>
<!-- Generated by org.testng.reporters.JUnitReportReporter -->
<testsuite skipped="0" hostname="KrishiAbhi" name="com.qa.autopractice.testcases.SearchTest" tests="1" failures="0" timestamp="13 Jun 2019 00:06:49 GMT" time="0.005" errors="0">
  <testcase name="p" time="0.005" classname="com.qa.autopractice.testcases.SearchTest"/>
</testsuite> <!-- com.qa.autopractice.testcases.SearchTest -->
